<?xml version="1.0" encoding="UTF-8"?>
<!-- Generated by org.testng.reporters.JUnitReportReporter -->
<testsuite skipped="0" hostname="A-Laptop" name="com.opensource.admin.qa.TC001_Admin_SearchEmployee" tests="1" failures="0" timestamp="2021-02-13T10:26:17 CST" time="7.121" errors="0">
  <testcase name="TC001_Admin_SearchEmploye_TC" time="7.121" classname="com.opensource.admin.qa.TC001_Admin_SearchEmployee"/>
  <system-out>
Open Browser  </system-out>
</testsuite> <!-- com.opensource.admin.qa.TC001_Admin_SearchEmployee -->
