<?xml version="1.0" encoding="UTF-8"?>
<!-- Generated by org.testng.reporters.JUnitReportReporter -->
<testsuite skipped="0" hostname="A-Laptop" name="com.opensource.admin.qa.TC001_Admin_SearchEmployee_POM" tests="3" failures="0" timestamp="2021-02-27T11:33:13 CST" time="18.524" errors="0">
  <testcase name="TC001_Admin_SearchEmployee_POM_TestScript" time="5.736" classname="com.opensource.admin.qa.TC001_Admin_SearchEmployee_POM"/>
  <system-out>
Launching...https://opensource-demo.orangehrmlive.com/ Login into Orange open source Validate that you have logged in successfully Click Admin - Go to the admin page Search username in field Verify value in search table Logout into Orange open source  </system-out>
  <testcase name="TC001_Admin_SearchEmployee_POM_TestScript" time="6.713" classname="com.opensource.admin.qa.TC001_Admin_SearchEmployee_POM"/>
  <system-out>
Launching...https://opensource-demo.orangehrmlive.com/ Login into Orange open source Validate that you have logged in successfully Click Admin - Go to the admin page Search username in field Verify value in search table Logout into Orange open source  </system-out>
  <testcase name="TC001_Admin_SearchEmployee_POM_TestScript" time="6.075" classname="com.opensource.admin.qa.TC001_Admin_SearchEmployee_POM"/>
  <system-out>
Launching...https://opensource-demo.orangehrmlive.com/ Login into Orange open source Validate that you have logged in successfully Click Admin - Go to the admin page Search username in field Verify value in search table Logout into Orange open source  </system-out>
</testsuite> <!-- com.opensource.admin.qa.TC001_Admin_SearchEmployee_POM -->
